# JRE version: Java(TM) SE Runtime Environment (10.0.2+13) (build 10.0.2+13)
# Java VM: Java HotSpot(TM) 64-Bit Server VM (10.0.2+13, mixed mode, tiered, compressed oops, g1 gc, bsd-amd64)
Heap:
 garbage-first heap   total 131072K, used 26487K [0x0000000740000000, 0x00000007c0000000)
  region size 1024K, 22 young (22528K), 3 survivors (3072K)
 Metaspace       used 28174K, capacity 29531K, committed 29820K, reserved 1075200K
  class space    used 3836K, capacity 4453K, committed 4476K, reserved 1048576K
GC Heap History (6 events):
Event: 1.773 GC heap before
{Heap before GC invocations=0 (full 0):
 garbage-first heap   total 131072K, used 14336K [0x0000000740000000, 0x00000007c0000000)
  region size 1024K, 14 young (14336K), 0 survivors (0K)
 Metaspace       used 14645K, capacity 15102K, committed 15360K, reserved 1062912K
  class space    used 1557K, capacity 1747K, committed 1792K, reserved 1048576K
}
Event: 1.791 GC heap after
{Heap after GC invocations=1 (full 0):
 garbage-first heap   total 131072K, used 3672K [0x0000000740000000, 0x00000007c0000000)
  region size 1024K, 2 young (2048K), 2 survivors (2048K)
 Metaspace       used 14645K, capacity 15102K, committed 15360K, reserved 1062912K
  class space    used 1557K, capacity 1747K, committed 1792K, reserved 1048576K
}
Event: 2.260 GC heap before
{Heap before GC invocations=1 (full 0):
 garbage-first heap   total 131072K, used 14936K [0x0000000740000000, 0x00000007c0000000)
  region size 1024K, 13 young (13312K), 2 survivors (2048K)
 Metaspace       used 19110K, capacity 19722K, committed 19968K, reserved 1067008K
  class space    used 2230K, capacity 2482K, committed 2560K, reserved 1048576K
}
Event: 2.273 GC heap after
{Heap after GC invocations=2 (full 0):
 garbage-first heap   total 131072K, used 5713K [0x0000000740000000, 0x00000007c0000000)
  region size 1024K, 2 young (2048K), 2 survivors (2048K)
 Metaspace       used 19110K, capacity 19722K, committed 19968K, reserved 1067008K
  class space    used 2230K, capacity 2482K, committed 2560K, reserved 1048576K
}
Event: 2.448 GC heap before
{Heap before GC invocations=2 (full 0):
 garbage-first heap   total 131072K, used 7761K [0x0000000740000000, 0x00000007c0000000)
  region size 1024K, 5 young (5120K), 2 survivors (2048K)
 Metaspace       used 20508K, capacity 21140K, committed 21296K, reserved 1067008K
  class space    used 2565K, capacity 2854K, committed 2864K, reserved 1048576K
}
Event: 2.459 GC heap after
{Heap after GC invocations=3 (full 0):
 garbage-first heap   total 131072K, used 6007K [0x0000000740000000, 0x00000007c0000000)
  region size 1024K, 3 young (3072K), 3 survivors (3072K)
 Metaspace       used 20508K, capacity 21140K, committed 21296K, reserved 1067008K
  class space    used 2565K, capacity 2854K, committed 2864K, reserved 1048576K
}

